LOCAL_RANK: 0 - CUDA_VISIBLE_DEVICES: [0]
/home/mridulav/miniconda3/envs/unet_tests/lib/python3.11/site-packages/pytorch_lightning/utilities/model_summary/model_summary.py:242: Precision bf16-mixed is not supported by the model summary.  Estimated model size in MB will not be accurate. Using 32 bits instead.
â”â”â”â”â”³â”â”â”â”â”â”â”â”³â”â”â”â”â”â”â”â”â”â”â”â”â”â”â”â”³â”â”â”â”â”â”â”â”â”³â”â”â”â”â”â”â”â”³â”â”â”â”â”â”â”â”“
â”ƒ[1;35m [0m[1;35m [0m[1;35m [0mâ”ƒ[1;35m [0m[1;35mName [0m[1;35m [0mâ”ƒ[1;35m [0m[1;35mType         [0m[1;35m [0mâ”ƒ[1;35m [0m[1;35mParams[0m[1;35m [0mâ”ƒ[1;35m [0m[1;35mMode [0m[1;35m [0mâ”ƒ[1;35m [0m[1;35mFLOPs[0m[1;35m [0mâ”ƒ
â”¡â”â”â”â•‡â”â”â”â”â”â”â”â•‡â”â”â”â”â”â”â”â”â”â”â”â”â”â”â”â•‡â”â”â”â”â”â”â”â”â•‡â”â”â”â”â”â”â”â•‡â”â”â”â”â”â”â”â”©
â”‚[2m [0m[2m0[0m[2m [0mâ”‚ model â”‚ DiffusionUNet â”‚ 83.0 M â”‚ train â”‚     0 â”‚
â””â”€â”€â”€â”´â”€â”€â”€â”€â”€â”€â”€â”´â”€â”€â”€â”€â”€â”€â”€â”€â”€â”€â”€â”€â”€â”€â”€â”´â”€â”€â”€â”€â”€â”€â”€â”€â”´â”€â”€â”€â”€â”€â”€â”€â”´â”€â”€â”€â”€â”€â”€â”€â”˜
[1mTrainable params[0m: 83.0 M
[1mNon-trainable params[0m: 0
[1mTotal params[0m: 83.0 M
[1mTotal estimated model params size (MB)[0m: 331
[1mModules in train mode[0m: 252
[1mModules in eval mode[0m: 0
[1mTotal FLOPs[0m: 0
[2Ktorch.float32 torch.float32 torch.int64â”â”â”â”â”â”â”â”â”â”â”â”â”â”â”â”â”â”â”â”â”â”â”â”â”[0m 0/563 [2m0:00:00 â€¢ -:--:--[0m [2;4m0.00it/s[0m [3m [0m
[2KEpoch 0/1774 [38;5;237mâ”â”â”â”â”â”â”â”â”â”â”â”â”â”â”â”â”â”â”â”â”â”â”â”â”â”â”â”â”â”â”â”â”â”â”â”â”â”â”â”[0m 0/563 [2m0:02:15 â€¢ -:--:--[0m [2;4m0.00it/s[0m [3m [0m
[?25h
Traceback (most recent call last):
  File "/home/mridulav/miniconda3/envs/unet_tests/lib/python3.11/site-packages/pytorch_lightning/trainer/call.py", line 49, in _call_and_handle_interrupt
    return trainer_fn(*args, **kwargs)
           ^^^^^^^^^^^^^^^^^^^^^^^^^^^
  File "/home/mridulav/miniconda3/envs/unet_tests/lib/python3.11/site-packages/pytorch_lightning/trainer/trainer.py", line 630, in _fit_impl
    self._run(model, ckpt_path=ckpt_path, weights_only=weights_only)
  File "/home/mridulav/miniconda3/envs/unet_tests/lib/python3.11/site-packages/pytorch_lightning/trainer/trainer.py", line 1079, in _run
    results = self._run_stage()
              ^^^^^^^^^^^^^^^^^
  File "/home/mridulav/miniconda3/envs/unet_tests/lib/python3.11/site-packages/pytorch_lightning/trainer/trainer.py", line 1123, in _run_stage
    self.fit_loop.run()
  File "/home/mridulav/miniconda3/envs/unet_tests/lib/python3.11/site-packages/pytorch_lightning/loops/fit_loop.py", line 217, in run
    self.advance()
  File "/home/mridulav/miniconda3/envs/unet_tests/lib/python3.11/site-packages/pytorch_lightning/loops/fit_loop.py", line 465, in advance
    self.epoch_loop.run(self._data_fetcher)
  File "/home/mridulav/miniconda3/envs/unet_tests/lib/python3.11/site-packages/pytorch_lightning/loops/training_epoch_loop.py", line 153, in run
    self.advance(data_fetcher)
  File "/home/mridulav/miniconda3/envs/unet_tests/lib/python3.11/site-packages/pytorch_lightning/loops/training_epoch_loop.py", line 352, in advance
    batch_output = self.automatic_optimization.run(trainer.optimizers[0], batch_idx, kwargs)
                   ^^^^^^^^^^^^^^^^^^^^^^^^^^^^^^^^^^^^^^^^^^^^^^^^^^^^^^^^^^^^^^^^^^^^^^^^^
  File "/home/mridulav/miniconda3/envs/unet_tests/lib/python3.11/site-packages/pytorch_lightning/loops/optimization/automatic.py", line 192, in run
    self._optimizer_step(batch_idx, closure)
  File "/home/mridulav/miniconda3/envs/unet_tests/lib/python3.11/site-packages/pytorch_lightning/loops/optimization/automatic.py", line 270, in _optimizer_step
    call._call_lightning_module_hook(
  File "/home/mridulav/miniconda3/envs/unet_tests/lib/python3.11/site-packages/pytorch_lightning/trainer/call.py", line 177, in _call_lightning_module_hook
    output = fn(*args, **kwargs)
             ^^^^^^^^^^^^^^^^^^^
  File "/home/mridulav/miniconda3/envs/unet_tests/lib/python3.11/site-packages/pytorch_lightning/core/module.py", line 1368, in optimizer_step
    optimizer.step(closure=optimizer_closure)
  File "/home/mridulav/miniconda3/envs/unet_tests/lib/python3.11/site-packages/pytorch_lightning/core/optimizer.py", line 154, in step
    step_output = self._strategy.optimizer_step(self._optimizer, closure, **kwargs)
                  ^^^^^^^^^^^^^^^^^^^^^^^^^^^^^^^^^^^^^^^^^^^^^^^^^^^^^^^^^^^^^^^^^
  File "/home/mridulav/miniconda3/envs/unet_tests/lib/python3.11/site-packages/pytorch_lightning/strategies/strategy.py", line 239, in optimizer_step
    return self.precision_plugin.optimizer_step(optimizer, model=model, closure=closure, **kwargs)
           ^^^^^^^^^^^^^^^^^^^^^^^^^^^^^^^^^^^^^^^^^^^^^^^^^^^^^^^^^^^^^^^^^^^^^^^^^^^^^^^^^^^^^^^
  File "/home/mridulav/miniconda3/envs/unet_tests/lib/python3.11/site-packages/pytorch_lightning/plugins/precision/amp.py", line 76, in optimizer_step
    return super().optimizer_step(optimizer, model=model, closure=closure, **kwargs)
           ^^^^^^^^^^^^^^^^^^^^^^^^^^^^^^^^^^^^^^^^^^^^^^^^^^^^^^^^^^^^^^^^^^^^^^^^^
  File "/home/mridulav/miniconda3/envs/unet_tests/lib/python3.11/site-packages/pytorch_lightning/plugins/precision/precision.py", line 123, in optimizer_step
    return optimizer.step(closure=closure, **kwargs)
           ^^^^^^^^^^^^^^^^^^^^^^^^^^^^^^^^^^^^^^^^^
  File "/home/mridulav/miniconda3/envs/unet_tests/lib/python3.11/site-packages/torch/optim/optimizer.py", line 485, in wrapper
    out = func(*args, **kwargs)
          ^^^^^^^^^^^^^^^^^^^^^
  File "/home/mridulav/miniconda3/envs/unet_tests/lib/python3.11/site-packages/torch/optim/optimizer.py", line 79, in _use_grad
    ret = func(self, *args, **kwargs)
          ^^^^^^^^^^^^^^^^^^^^^^^^^^^
  File "/home/mridulav/miniconda3/envs/unet_tests/lib/python3.11/site-packages/torch/optim/adam.py", line 225, in step
    loss = closure()
           ^^^^^^^^^
  File "/home/mridulav/miniconda3/envs/unet_tests/lib/python3.11/site-packages/pytorch_lightning/plugins/precision/precision.py", line 109, in _wrap_closure
    closure_result = closure()
                     ^^^^^^^^^
  File "/home/mridulav/miniconda3/envs/unet_tests/lib/python3.11/site-packages/pytorch_lightning/loops/optimization/automatic.py", line 146, in __call__
    self._result = self.closure(*args, **kwargs)
                   ^^^^^^^^^^^^^^^^^^^^^^^^^^^^^
  File "/home/mridulav/miniconda3/envs/unet_tests/lib/python3.11/site-packages/torch/utils/_contextlib.py", line 116, in decorate_context
    return func(*args, **kwargs)
           ^^^^^^^^^^^^^^^^^^^^^
  File "/home/mridulav/miniconda3/envs/unet_tests/lib/python3.11/site-packages/pytorch_lightning/loops/optimization/automatic.py", line 131, in closure
    step_output = self._step_fn()
                  ^^^^^^^^^^^^^^^
  File "/home/mridulav/miniconda3/envs/unet_tests/lib/python3.11/site-packages/pytorch_lightning/loops/optimization/automatic.py", line 319, in _training_step
    training_step_output = call._call_strategy_hook(trainer, "training_step", *kwargs.values())
                           ^^^^^^^^^^^^^^^^^^^^^^^^^^^^^^^^^^^^^^^^^^^^^^^^^^^^^^^^^^^^^^^^^^^^
  File "/home/mridulav/miniconda3/envs/unet_tests/lib/python3.11/site-packages/pytorch_lightning/trainer/call.py", line 329, in _call_strategy_hook
    output = fn(*args, **kwargs)
             ^^^^^^^^^^^^^^^^^^^
  File "/home/mridulav/miniconda3/envs/unet_tests/lib/python3.11/site-packages/pytorch_lightning/strategies/strategy.py", line 391, in training_step
    return self.lightning_module.training_step(*args, **kwargs)
           ^^^^^^^^^^^^^^^^^^^^^^^^^^^^^^^^^^^^^^^^^^^^^^^^^^^^
  File "/mnt/c/Users/mridulav/Documents/code_repos/WeatherDiffusion_mod/models/ddm.py", line 130, in training_step
    loss = self(x, t, e)
           ^^^^^^^^^^^^^
  File "/home/mridulav/miniconda3/envs/unet_tests/lib/python3.11/site-packages/torch/nn/modules/module.py", line 1751, in _wrapped_call_impl
    return self._call_impl(*args, **kwargs)
           ^^^^^^^^^^^^^^^^^^^^^^^^^^^^^^^^
  File "/home/mridulav/miniconda3/envs/unet_tests/lib/python3.11/site-packages/torch/nn/modules/module.py", line 1762, in _call_impl
    return forward_call(*args, **kwargs)
           ^^^^^^^^^^^^^^^^^^^^^^^^^^^^^
  File "/mnt/c/Users/mridulav/Documents/code_repos/WeatherDiffusion_mod/models/ddm.py", line 116, in forward
    return noise_estimation_loss(self.model, x, t, e, self.betas)
           ^^^^^^^^^^^^^^^^^^^^^^^^^^^^^^^^^^^^^^^^^^^^^^^^^^^^^^
  File "/mnt/c/Users/mridulav/Documents/code_repos/WeatherDiffusion_mod/models/ddm.py", line 83, in noise_estimation_loss
    output = model(torch.cat([x0[:, :4, :, :], x], dim=1), t)
             ^^^^^^^^^^^^^^^^^^^^^^^^^^^^^^^^^^^^^^^^^^^^^^^^
  File "/home/mridulav/miniconda3/envs/unet_tests/lib/python3.11/site-packages/torch/nn/modules/module.py", line 1751, in _wrapped_call_impl
    return self._call_impl(*args, **kwargs)
           ^^^^^^^^^^^^^^^^^^^^^^^^^^^^^^^^
  File "/home/mridulav/miniconda3/envs/unet_tests/lib/python3.11/site-packages/torch/nn/modules/module.py", line 1762, in _call_impl
    return forward_call(*args, **kwargs)
           ^^^^^^^^^^^^^^^^^^^^^^^^^^^^^
  File "/mnt/c/Users/mridulav/Documents/code_repos/WeatherDiffusion_mod/models/unet.py", line 315, in forward
    h = self.down[i_level].block[i_block](hs[-1], temb)
        ^^^^^^^^^^^^^^^^^^^^^^^^^^^^^^^^^^^^^^^^^^^^^^^
  File "/home/mridulav/miniconda3/envs/unet_tests/lib/python3.11/site-packages/torch/nn/modules/module.py", line 1751, in _wrapped_call_impl
    return self._call_impl(*args, **kwargs)
           ^^^^^^^^^^^^^^^^^^^^^^^^^^^^^^^^
  File "/home/mridulav/miniconda3/envs/unet_tests/lib/python3.11/site-packages/torch/nn/modules/module.py", line 1762, in _call_impl
    return forward_call(*args, **kwargs)
           ^^^^^^^^^^^^^^^^^^^^^^^^^^^^^
  File "/mnt/c/Users/mridulav/Documents/code_repos/WeatherDiffusion_mod/models/unet.py", line 122, in forward
    h = nonlinearity(h)
        ^^^^^^^^^^^^^^^
  File "/mnt/c/Users/mridulav/Documents/code_repos/WeatherDiffusion_mod/models/unet.py", line 33, in nonlinearity
    return x*torch.sigmoid(x)
             ^^^^^^^^^^^^^^^^
RuntimeError: CUDA error: out of memory
CUDA kernel errors might be asynchronously reported at some other API call, so the stacktrace below might be incorrect.
For debugging consider passing CUDA_LAUNCH_BLOCKING=1
Compile with `TORCH_USE_CUDA_DSA` to enable device-side assertions.


During handling of the above exception, another exception occurred:

Traceback (most recent call last):
  File "/mnt/c/Users/mridulav/Documents/code_repos/WeatherDiffusion_mod/train_diffusion.py", line 110, in <module>
    main()
  File "/mnt/c/Users/mridulav/Documents/code_repos/WeatherDiffusion_mod/train_diffusion.py", line 105, in main
    trainer.fit(diffusion, train_dataloaders = train_dl)
  File "/home/mridulav/miniconda3/envs/unet_tests/lib/python3.11/site-packages/pytorch_lightning/trainer/trainer.py", line 584, in fit
    call._call_and_handle_interrupt(
  File "/home/mridulav/miniconda3/envs/unet_tests/lib/python3.11/site-packages/pytorch_lightning/trainer/call.py", line 70, in _call_and_handle_interrupt
    trainer._teardown()
  File "/home/mridulav/miniconda3/envs/unet_tests/lib/python3.11/site-packages/pytorch_lightning/trainer/trainer.py", line 1102, in _teardown
    self.strategy.teardown()
  File "/home/mridulav/miniconda3/envs/unet_tests/lib/python3.11/site-packages/pytorch_lightning/strategies/strategy.py", line 536, in teardown
    self.lightning_module.cpu()
  File "/home/mridulav/miniconda3/envs/unet_tests/lib/python3.11/site-packages/lightning_fabric/utilities/device_dtype_mixin.py", line 86, in cpu
    return super().cpu()
           ^^^^^^^^^^^^^
  File "/home/mridulav/miniconda3/envs/unet_tests/lib/python3.11/site-packages/torch/nn/modules/module.py", line 1133, in cpu
    return self._apply(lambda t: t.cpu())
           ^^^^^^^^^^^^^^^^^^^^^^^^^^^^^^
  File "/home/mridulav/miniconda3/envs/unet_tests/lib/python3.11/site-packages/torch/nn/modules/module.py", line 915, in _apply
    module._apply(fn)
  File "/home/mridulav/miniconda3/envs/unet_tests/lib/python3.11/site-packages/torch/nn/modules/module.py", line 915, in _apply
    module._apply(fn)
  File "/home/mridulav/miniconda3/envs/unet_tests/lib/python3.11/site-packages/torch/nn/modules/module.py", line 915, in _apply
    module._apply(fn)
  [Previous line repeated 1 more time]
  File "/home/mridulav/miniconda3/envs/unet_tests/lib/python3.11/site-packages/torch/nn/modules/module.py", line 942, in _apply
    param_applied = fn(param)
                    ^^^^^^^^^
  File "/home/mridulav/miniconda3/envs/unet_tests/lib/python3.11/site-packages/torch/nn/modules/module.py", line 1133, in <lambda>
    return self._apply(lambda t: t.cpu())
                                 ^^^^^^^
RuntimeError: CUDA error: out of memory
CUDA kernel errors might be asynchronously reported at some other API call, so the stacktrace below might be incorrect.
For debugging consider passing CUDA_LAUNCH_BLOCKING=1
Compile with `TORCH_USE_CUDA_DSA` to enable device-side assertions.
